# JRE version: OpenJDK Runtime Environment (24.0.1+9) (build 24.0.1+9-30)
# Java VM: OpenJDK 64-Bit Server VM (24.0.1+9-30, mixed mode, emulated-client, sharing, tiered, compressed oops, compressed class ptrs, g1 gc, windows-amd64)
GC Precious Log:
 CardTable entry size: 512
 Card Set container configuration: InlinePtr #cards 4 size 8 Array Of Cards #cards 16 size 48 Howl #buckets 8 coarsen threshold 3686 Howl Bitmap #cards 512 size 80 coarsen threshold 460 Card regions per heap region 1 cards per card region 4096
 CPUs: 8 total, 8 available
 Memory: 16126M
 Large Page Support: Disabled
 NUMA Support: Disabled
 Compressed Oops: Enabled (Zero based)
 Heap Region Size: 2M
 Heap Min Capacity: 8M
 Heap Initial Capacity: 252M
 Heap Max Capacity: 4032M
 Pre-touch: Disabled
 Parallel Workers: 8
 Concurrent Workers: 2
 Concurrent Refinement Workers: 8
 Periodic GC: Disabled
Heap:
 garbage-first heap   total reserved 4128768K, committed 81920K, used 36536K [0x0000000704000000, 0x0000000800000000)
  region size 2048K, 3 young (6144K), 2 survivors (4096K)
 Metaspace       used 80133K, committed 80832K, reserved 1179648K
  class space    used 9040K, committed 9344K, reserved 1048576K
GC Heap History (20 events):
Event: 2.332 GC heap before
{Heap before GC invocations=5 (full 0):
 garbage-first heap   total reserved 4128768K, committed 55296K, used 39103K [0x0000000704000000, 0x0000000800000000)
  region size 2048K, 13 young (26624K), 2 survivors (4096K)
 Metaspace       used 31367K, committed 31680K, reserved 1114112K
  class space    used 3278K, committed 3392K, reserved 1048576K
}
Event: 2.335 GC heap after
{Heap after GC invocations=6 (full 0):
 garbage-first heap   total reserved 4128768K, committed 55296K, used 18126K [0x0000000704000000, 0x0000000800000000)
  region size 2048K, 2 young (4096K), 2 survivors (4096K)
 Metaspace       used 31367K, committed 31680K, reserved 1114112K
  class space    used 3278K, committed 3392K, reserved 1048576K
}
Event: 2.717 GC heap before
{Heap before GC invocations=6 (full 0):
 garbage-first heap   total reserved 4128768K, committed 55296K, used 38606K [0x0000000704000000, 0x0000000800000000)
  region size 2048K, 13 young (26624K), 2 survivors (4096K)
 Metaspace       used 34116K, committed 34432K, reserved 1114112K
  class space    used 3646K, committed 3776K, reserved 1048576K
}
Event: 2.721 GC heap after
{Heap after GC invocations=7 (full 0):
 garbage-first heap   total reserved 4128768K, committed 55296K, used 19505K [0x0000000704000000, 0x0000000800000000)
  region size 2048K, 2 young (4096K), 2 survivors (4096K)
 Metaspace       used 34116K, committed 34432K, reserved 1114112K
  class space    used 3646K, committed 3776K, reserved 1048576K
}
Event: 2.909 GC heap before
{Heap before GC invocations=7 (full 0):
 garbage-first heap   total reserved 4128768K, committed 55296K, used 29745K [0x0000000704000000, 0x0000000800000000)
  region size 2048K, 8 young (16384K), 2 survivors (4096K)
 Metaspace       used 35585K, committed 35968K, reserved 1114112K
  class space    used 3856K, committed 4032K, reserved 1048576K
}
Event: 2.913 GC heap after
{Heap after GC invocations=8 (full 0):
 garbage-first heap   total reserved 4128768K, committed 157696K, used 20729K [0x0000000704000000, 0x0000000800000000)
  region size 2048K, 2 young (4096K), 2 survivors (4096K)
 Metaspace       used 35585K, committed 35968K, reserved 1114112K
  class space    used 3856K, committed 4032K, reserved 1048576K
}
Event: 3.669 GC heap before
{Heap before GC invocations=9 (full 0):
 garbage-first heap   total reserved 4128768K, committed 81920K, used 65785K [0x0000000704000000, 0x0000000800000000)
  region size 2048K, 24 young (49152K), 2 survivors (4096K)
 Metaspace       used 41291K, committed 41728K, reserved 1114112K
  class space    used 4497K, committed 4672K, reserved 1048576K
}
Event: 3.675 GC heap after
{Heap after GC invocations=10 (full 0):
 garbage-first heap   total reserved 4128768K, committed 81920K, used 24193K [0x0000000704000000, 0x0000000800000000)
  region size 2048K, 3 young (6144K), 3 survivors (6144K)
 Metaspace       used 41291K, committed 41728K, reserved 1114112K
  class space    used 4497K, committed 4672K, reserved 1048576K
}
Event: 4.389 GC heap before
{Heap before GC invocations=10 (full 0):
 garbage-first heap   total reserved 4128768K, committed 81920K, used 65153K [0x0000000704000000, 0x0000000800000000)
  region size 2048K, 23 young (47104K), 3 survivors (6144K)
 Metaspace       used 50994K, committed 51456K, reserved 1114112K
  class space    used 5523K, committed 5696K, reserved 1048576K
}
Event: 4.396 GC heap after
{Heap after GC invocations=11 (full 0):
 garbage-first heap   total reserved 4128768K, committed 81920K, used 26183K [0x0000000704000000, 0x0000000800000000)
  region size 2048K, 2 young (4096K), 2 survivors (4096K)
 Metaspace       used 50994K, committed 51456K, reserved 1114112K
  class space    used 5523K, committed 5696K, reserved 1048576K
}
Event: 5.025 GC heap before
{Heap before GC invocations=11 (full 0):
 garbage-first heap   total reserved 4128768K, committed 81920K, used 60999K [0x0000000704000000, 0x0000000800000000)
  region size 2048K, 21 young (43008K), 2 survivors (4096K)
 Metaspace       used 59997K, committed 60416K, reserved 1114112K
  class space    used 6471K, committed 6656K, reserved 1048576K
}
Event: 5.029 GC heap after
{Heap after GC invocations=12 (full 0):
 garbage-first heap   total reserved 4128768K, committed 81920K, used 27895K [0x0000000704000000, 0x0000000800000000)
  region size 2048K, 3 young (6144K), 3 survivors (6144K)
 Metaspace       used 59997K, committed 60416K, reserved 1114112K
  class space    used 6471K, committed 6656K, reserved 1048576K
}
Event: 5.752 GC heap before
{Heap before GC invocations=13 (full 0):
 garbage-first heap   total reserved 4128768K, committed 81920K, used 68855K [0x0000000704000000, 0x0000000800000000)
  region size 2048K, 23 young (47104K), 3 survivors (6144K)
 Metaspace       used 66535K, committed 67136K, reserved 1114112K
  class space    used 7253K, committed 7488K, reserved 1048576K
}
Event: 5.758 GC heap after
{Heap after GC invocations=14 (full 0):
 garbage-first heap   total reserved 4128768K, committed 81920K, used 30496K [0x0000000704000000, 0x0000000800000000)
  region size 2048K, 3 young (6144K), 3 survivors (6144K)
 Metaspace       used 66535K, committed 67136K, reserved 1114112K
  class space    used 7253K, committed 7488K, reserved 1048576K
}
Event: 6.355 GC heap before
{Heap before GC invocations=14 (full 0):
 garbage-first heap   total reserved 4128768K, committed 81920K, used 67360K [0x0000000704000000, 0x0000000800000000)
  region size 2048K, 21 young (43008K), 3 survivors (6144K)
 Metaspace       used 70164K, committed 70720K, reserved 1114112K
  class space    used 7734K, committed 8000K, reserved 1048576K
}
Event: 6.360 GC heap after
{Heap after GC invocations=15 (full 0):
 garbage-first heap   total reserved 4128768K, committed 81920K, used 32830K [0x0000000704000000, 0x0000000800000000)
  region size 2048K, 3 young (6144K), 3 survivors (6144K)
 Metaspace       used 70164K, committed 70720K, reserved 1114112K
  class space    used 7734K, committed 8000K, reserved 1048576K
}
Event: 18.796 GC heap before
{Heap before GC invocations=15 (full 0):
 garbage-first heap   total reserved 4128768K, committed 81920K, used 67646K [0x0000000704000000, 0x0000000800000000)
  region size 2048K, 21 young (43008K), 3 survivors (6144K)
 Metaspace       used 73494K, committed 74112K, reserved 1179648K
  class space    used 8162K, committed 8448K, reserved 1048576K
}
Event: 18.810 GC heap after
{Heap after GC invocations=16 (full 0):
 garbage-first heap   total reserved 4128768K, committed 81920K, used 35280K [0x0000000704000000, 0x0000000800000000)
  region size 2048K, 3 young (6144K), 3 survivors (6144K)
 Metaspace       used 73494K, committed 74112K, reserved 1179648K
  class space    used 8162K, committed 8448K, reserved 1048576K
}
Event: 215.180 GC heap before
{Heap before GC invocations=16 (full 0):
 garbage-first heap   total reserved 4128768K, committed 81920K, used 68048K [0x0000000704000000, 0x0000000800000000)
  region size 2048K, 20 young (40960K), 3 survivors (6144K)
 Metaspace       used 80133K, committed 80832K, reserved 1179648K
  class space    used 9040K, committed 9344K, reserved 1048576K
}
Event: 215.187 GC heap after
{Heap after GC invocations=17 (full 0):
 garbage-first heap   total reserved 4128768K, committed 81920K, used 36536K [0x0000000704000000, 0x0000000800000000)
  region size 2048K, 2 young (4096K), 2 survivors (4096K)
 Metaspace       used 80133K, committed 80832K, reserved 1179648K
  class space    used 9040K, committed 9344K, reserved 1048576K
}

